<?xml version="1.0" encoding="UTF-8"?>
<testsuite name="com.usi.API.controllers.ControllerTest" time="0" tests="1" errors="0" skipped="1" failures="0">
  <properties>
[...]
</properties>
  <testcase name="testSomething" classname="com.usi.API.controllers.ControllerTest" time="0">
    <skipped/>
    <system-out><![CDATA[11:59:47.804 [main] DEBUG org.springframework.test.context.junit4.SpringJUnit4ClassRunner - SpringJUnit4ClassRunner constructor called with [class com.usi.API.controllers.ControllerTest]
11:59:47.809 [main] DEBUG org.springframework.test.context.BootstrapUtils - Instantiating CacheAwareContextLoaderDelegate from class [org.springframework.test.context.cache.DefaultCacheAwareContextLoaderDelegate]
11:59:47.816 [main] DEBUG org.springframework.test.context.BootstrapUtils - Instantiating BootstrapContext using constructor [public org.springframework.test.context.support.DefaultBootstrapContext(java.lang.Class,org.springframework.test.context.CacheAwareContextLoaderDelegate)]
11:59:47.837 [main] DEBUG org.springframework.test.context.BootstrapUtils - Instantiating TestContextBootstrapper for test class [com.usi.API.controllers.ControllerTest] from class [org.springframework.boot.test.context.SpringBootTestContextBootstrapper]
11:59:47.851 [main] INFO org.springframework.boot.test.context.SpringBootTestContextBootstrapper - Neither @ContextConfiguration nor @ContextHierarchy found for test class [com.usi.API.controllers.ControllerTest], using SpringBootContextLoader
11:59:47.854 [main] DEBUG org.springframework.test.context.support.AbstractContextLoader - Did not detect default resource location for test class [com.usi.API.controllers.ControllerTest]: class path resource [com/usi/API/controllers/ControllerTest-context.xml] does not exist
11:59:47.855 [main] DEBUG org.springframework.test.context.support.AbstractContextLoader - Did not detect default resource location for test class [com.usi.API.controllers.ControllerTest]: class path resource [com/usi/API/controllers/ControllerTestContext.groovy] does not exist
11:59:47.855 [main] INFO org.springframework.test.context.support.AbstractContextLoader - Could not detect default resource locations for test class [com.usi.API.controllers.ControllerTest]: no resource found for suffixes {-context.xml, Context.groovy}.
11:59:47.856 [main] INFO org.springframework.test.context.support.AnnotationConfigContextLoaderUtils - Could not detect default configuration classes for test class [com.usi.API.controllers.ControllerTest]: ControllerTest does not declare any static, non-private, non-final, nested classes annotated with @Configuration.
11:59:47.904 [main] DEBUG org.springframework.test.context.support.ActiveProfilesUtils - Could not find an 'annotation declaring class' for annotation type [org.springframework.test.context.ActiveProfiles] and class [com.usi.API.controllers.ControllerTest]
11:59:47.911 [main] DEBUG org.springframework.core.env.StandardEnvironment - Adding [systemProperties] PropertySource with lowest search precedence
11:59:47.912 [main] DEBUG org.springframework.core.env.StandardEnvironment - Adding [systemEnvironment] PropertySource with lowest search precedence
11:59:47.913 [main] DEBUG org.springframework.core.env.StandardEnvironment - Initialized StandardEnvironment with PropertySources [systemProperties,systemEnvironment]
11:59:47.921 [main] DEBUG org.springframework.core.io.support.PathMatchingResourcePatternResolver - Resolved classpath location [com/usi/API/controllers/] to resources [URL [file:/Users/Epoes/Documents/Usi-6th%20semester/Bachelor%20Project/Earthquakes-Analytics-and-Prediction/target/test-classes/com/usi/API/controllers/]]
11:59:47.921 [main] DEBUG org.springframework.core.io.support.PathMatchingResourcePatternResolver - Looking for matching resources in directory tree [/Users/Epoes/Documents/Usi-6th semester/Bachelor Project/Earthquakes-Analytics-and-Prediction/target/test-classes/com/usi/API/controllers]
11:59:47.921 [main] DEBUG org.springframework.core.io.support.PathMatchingResourcePatternResolver - Searching directory [/Users/Epoes/Documents/Usi-6th semester/Bachelor Project/Earthquakes-Analytics-and-Prediction/target/test-classes/com/usi/API/controllers] for files matching pattern [/Users/Epoes/Documents/Usi-6th semester/Bachelor Project/Earthquakes-Analytics-and-Prediction/target/test-classes/com/usi/API/controllers/*.class]
11:59:47.924 [main] DEBUG org.springframework.core.io.support.PathMatchingResourcePatternResolver - Resolved location pattern [classpath*:com/usi/API/controllers/*.class] to resources [file [/Users/Epoes/Documents/Usi-6th semester/Bachelor Project/Earthquakes-Analytics-and-Prediction/target/test-classes/com/usi/API/controllers/ControllerTest.class]]
11:59:47.936 [main] DEBUG org.springframework.core.io.support.PathMatchingResourcePatternResolver - Resolved classpath location [com/usi/API/] to resources [URL [file:/Users/Epoes/Documents/Usi-6th%20semester/Bachelor%20Project/Earthquakes-Analytics-and-Prediction/target/test-classes/com/usi/API/], URL [file:/Users/Epoes/Documents/Usi-6th%20semester/Bachelor%20Project/Earthquakes-Analytics-and-Prediction/target/classes/com/usi/API/]]
11:59:47.936 [main] DEBUG org.springframework.core.io.support.PathMatchingResourcePatternResolver - Looking for matching resources in directory tree [/Users/Epoes/Documents/Usi-6th semester/Bachelor Project/Earthquakes-Analytics-and-Prediction/target/test-classes/com/usi/API]
11:59:47.936 [main] DEBUG org.springframework.core.io.support.PathMatchingResourcePatternResolver - Searching directory [/Users/Epoes/Documents/Usi-6th semester/Bachelor Project/Earthquakes-Analytics-and-Prediction/target/test-classes/com/usi/API] for files matching pattern [/Users/Epoes/Documents/Usi-6th semester/Bachelor Project/Earthquakes-Analytics-and-Prediction/target/test-classes/com/usi/API/*.class]
11:59:47.937 [main] DEBUG org.springframework.core.io.support.PathMatchingResourcePatternResolver - Looking for matching resources in directory tree [/Users/Epoes/Documents/Usi-6th semester/Bachelor Project/Earthquakes-Analytics-and-Prediction/target/classes/com/usi/API]
11:59:47.937 [main] DEBUG org.springframework.core.io.support.PathMatchingResourcePatternResolver - Searching directory [/Users/Epoes/Documents/Usi-6th semester/Bachelor Project/Earthquakes-Analytics-and-Prediction/target/classes/com/usi/API] for files matching pattern [/Users/Epoes/Documents/Usi-6th semester/Bachelor Project/Earthquakes-Analytics-and-Prediction/target/classes/com/usi/API/*.class]
11:59:47.938 [main] DEBUG org.springframework.core.io.support.PathMatchingResourcePatternResolver - Resolved location pattern [classpath*:com/usi/API/*.class] to resources [file [/Users/Epoes/Documents/Usi-6th semester/Bachelor Project/Earthquakes-Analytics-and-Prediction/target/test-classes/com/usi/API/EarthquakeHubTest.class], file [/Users/Epoes/Documents/Usi-6th semester/Bachelor Project/Earthquakes-Analytics-and-Prediction/target/classes/com/usi/API/HelloController.class]]
11:59:47.943 [main] DEBUG org.springframework.core.io.support.PathMatchingResourcePatternResolver - Resolved classpath location [com/usi/] to resources [URL [file:/Users/Epoes/Documents/Usi-6th%20semester/Bachelor%20Project/Earthquakes-Analytics-and-Prediction/target/test-classes/com/usi/], URL [file:/Users/Epoes/Documents/Usi-6th%20semester/Bachelor%20Project/Earthquakes-Analytics-and-Prediction/target/classes/com/usi/]]
11:59:47.943 [main] DEBUG org.springframework.core.io.support.PathMatchingResourcePatternResolver - Looking for matching resources in directory tree [/Users/Epoes/Documents/Usi-6th semester/Bachelor Project/Earthquakes-Analytics-and-Prediction/target/test-classes/com/usi]
11:59:47.943 [main] DEBUG org.springframework.core.io.support.PathMatchingResourcePatternResolver - Searching directory [/Users/Epoes/Documents/Usi-6th semester/Bachelor Project/Earthquakes-Analytics-and-Prediction/target/test-classes/com/usi] for files matching pattern [/Users/Epoes/Documents/Usi-6th semester/Bachelor Project/Earthquakes-Analytics-and-Prediction/target/test-classes/com/usi/*.class]
11:59:47.944 [main] DEBUG org.springframework.core.io.support.PathMatchingResourcePatternResolver - Looking for matching resources in directory tree [/Users/Epoes/Documents/Usi-6th semester/Bachelor Project/Earthquakes-Analytics-and-Prediction/target/classes/com/usi]
11:59:47.944 [main] DEBUG org.springframework.core.io.support.PathMatchingResourcePatternResolver - Searching directory [/Users/Epoes/Documents/Usi-6th semester/Bachelor Project/Earthquakes-Analytics-and-Prediction/target/classes/com/usi] for files matching pattern [/Users/Epoes/Documents/Usi-6th semester/Bachelor Project/Earthquakes-Analytics-and-Prediction/target/classes/com/usi/*.class]
11:59:47.946 [main] DEBUG org.springframework.core.io.support.PathMatchingResourcePatternResolver - Resolved location pattern [classpath*:com/usi/*.class] to resources [file [/Users/Epoes/Documents/Usi-6th semester/Bachelor Project/Earthquakes-Analytics-and-Prediction/target/test-classes/com/usi/BaseIntegration.class], file [/Users/Epoes/Documents/Usi-6th semester/Bachelor Project/Earthquakes-Analytics-and-Prediction/target/classes/com/usi/EarthquakeHub$1.class], file [/Users/Epoes/Documents/Usi-6th semester/Bachelor Project/Earthquakes-Analytics-and-Prediction/target/classes/com/usi/EarthquakeHub$2.class], file [/Users/Epoes/Documents/Usi-6th semester/Bachelor Project/Earthquakes-Analytics-and-Prediction/target/classes/com/usi/EarthquakeHub.class], file [/Users/Epoes/Documents/Usi-6th semester/Bachelor Project/Earthquakes-Analytics-and-Prediction/target/classes/com/usi/EarthquakesController.class], file [/Users/Epoes/Documents/Usi-6th semester/Bachelor Project/Earthquakes-Analytics-and-Prediction/target/classes/com/usi/Home.class], file [/Users/Epoes/Documents/Usi-6th semester/Bachelor Project/Earthquakes-Analytics-and-Prediction/target/classes/com/usi/VisualEarthquakesApplication.class]]
11:59:47.971 [main] DEBUG org.springframework.context.annotation.ClassPathScanningCandidateComponentProvider - Identified candidate component class: file [/Users/Epoes/Documents/Usi-6th semester/Bachelor Project/Earthquakes-Analytics-and-Prediction/target/classes/com/usi/VisualEarthquakesApplication.class]
11:59:47.972 [main] INFO org.springframework.boot.test.context.SpringBootTestContextBootstrapper - Found @SpringBootConfiguration com.usi.VisualEarthquakesApplication for test class com.usi.API.controllers.ControllerTest
11:59:47.975 [main] DEBUG org.springframework.boot.test.context.SpringBootTestContextBootstrapper - @TestExecutionListeners is not present for class [com.usi.API.controllers.ControllerTest]: using defaults.
11:59:47.979 [main] INFO org.springframework.boot.test.context.SpringBootTestContextBootstrapper - Loaded default TestExecutionListener class names from location [META-INF/spring.factories]: [org.springframework.boot.test.mock.mockito.MockitoTestExecutionListener, org.springframework.boot.test.mock.mockito.ResetMocksTestExecutionListener, org.springframework.boot.test.autoconfigure.restdocs.RestDocsTestExecutionListener, org.springframework.boot.test.autoconfigure.web.client.MockRestServiceServerResetTestExecutionListener, org.springframework.boot.test.autoconfigure.web.servlet.MockMvcPrintOnlyOnFailureTestExecutionListener, org.springframework.boot.test.autoconfigure.web.servlet.WebDriverTestExecutionListener, org.springframework.test.context.web.ServletTestExecutionListener, org.springframework.test.context.support.DirtiesContextBeforeModesTestExecutionListener, org.springframework.test.context.support.DependencyInjectionTestExecutionListener, org.springframework.test.context.support.DirtiesContextTestExecutionListener, org.springframework.test.context.transaction.TransactionalTestExecutionListener, org.springframework.test.context.jdbc.SqlScriptsTestExecutionListener]
11:59:47.997 [main] INFO org.springframework.boot.test.context.SpringBootTestContextBootstrapper - Using TestExecutionListeners: [org.springframework.test.context.web.ServletTestExecutionListener@2c34f934, org.springframework.test.context.support.DirtiesContextBeforeModesTestExecutionListener@12d3a4e9, org.springframework.boot.test.autoconfigure.SpringBootDependencyInjectionTestExecutionListener@240237d2, org.springframework.test.context.support.DirtiesContextTestExecutionListener@25a65b77, org.springframework.test.context.transaction.TransactionalTestExecutionListener@2ed0fbae, org.springframework.test.context.jdbc.SqlScriptsTestExecutionListener@212bf671, org.springframework.boot.test.mock.mockito.ResetMocksTestExecutionListener@14a2f921, org.springframework.boot.test.autoconfigure.web.client.MockRestServiceServerResetTestExecutionListener@3c87521, org.springframework.boot.test.mock.mockito.MockitoTestExecutionListener@2aece37d, org.springframework.boot.test.autoconfigure.restdocs.RestDocsTestExecutionListener@548a102f, org.springframework.boot.test.autoconfigure.web.servlet.MockMvcPrintOnlyOnFailureTestExecutionListener@5762806e, org.springframework.boot.test.autoconfigure.web.servlet.WebDriverTestExecutionListener@17c386de]
11:59:47.998 [main] DEBUG org.springframework.test.context.junit4.SpringJUnit4ClassRunner - SpringJUnit4ClassRunner constructor called with [class com.usi.API.EarthquakeHubTest]
11:59:47.998 [main] DEBUG org.springframework.test.context.BootstrapUtils - Instantiating CacheAwareContextLoaderDelegate from class [org.springframework.test.context.cache.DefaultCacheAwareContextLoaderDelegate]
11:59:47.998 [main] DEBUG org.springframework.test.context.BootstrapUtils - Instantiating BootstrapContext using constructor [public org.springframework.test.context.support.DefaultBootstrapContext(java.lang.Class,org.springframework.test.context.CacheAwareContextLoaderDelegate)]
11:59:47.998 [main] DEBUG org.springframework.test.context.BootstrapUtils - Instantiating TestContextBootstrapper for test class [com.usi.API.EarthquakeHubTest] from class [org.springframework.boot.test.context.SpringBootTestContextBootstrapper]
11:59:48.000 [main] INFO org.springframework.boot.test.context.SpringBootTestContextBootstrapper - Neither @ContextConfiguration nor @ContextHierarchy found for test class [com.usi.API.EarthquakeHubTest], using SpringBootContextLoader
11:59:48.001 [main] DEBUG org.springframework.test.context.support.AbstractContextLoader - Did not detect default resource location for test class [com.usi.API.EarthquakeHubTest]: class path resource [com/usi/API/EarthquakeHubTest-context.xml] does not exist
11:59:48.002 [main] DEBUG org.springframework.test.context.support.AbstractContextLoader - Did not detect default resource location for test class [com.usi.API.EarthquakeHubTest]: class path resource [com/usi/API/EarthquakeHubTestContext.groovy] does not exist
11:59:48.002 [main] INFO org.springframework.test.context.support.AbstractContextLoader - Could not detect default resource locations for test class [com.usi.API.EarthquakeHubTest]: no resource found for suffixes {-context.xml, Context.groovy}.
11:59:48.002 [main] INFO org.springframework.test.context.support.AnnotationConfigContextLoaderUtils - Could not detect default configuration classes for test class [com.usi.API.EarthquakeHubTest]: EarthquakeHubTest does not declare any static, non-private, non-final, nested classes annotated with @Configuration.
11:59:48.011 [main] DEBUG org.springframework.test.context.support.ActiveProfilesUtils - Could not find an 'annotation declaring class' for annotation type [org.springframework.test.context.ActiveProfiles] and class [com.usi.API.EarthquakeHubTest]
11:59:48.012 [main] DEBUG org.springframework.core.env.StandardEnvironment - Adding [systemProperties] PropertySource with lowest search precedence
11:59:48.012 [main] DEBUG org.springframework.core.env.StandardEnvironment - Adding [systemEnvironment] PropertySource with lowest search precedence
11:59:48.012 [main] DEBUG org.springframework.core.env.StandardEnvironment - Initialized StandardEnvironment with PropertySources [systemProperties,systemEnvironment]
11:59:48.013 [main] DEBUG org.springframework.core.io.support.PathMatchingResourcePatternResolver - Resolved classpath location [com/usi/API/] to resources [URL [file:/Users/Epoes/Documents/Usi-6th%20semester/Bachelor%20Project/Earthquakes-Analytics-and-Prediction/target/test-classes/com/usi/API/], URL [file:/Users/Epoes/Documents/Usi-6th%20semester/Bachelor%20Project/Earthquakes-Analytics-and-Prediction/target/classes/com/usi/API/]]
11:59:48.014 [main] DEBUG org.springframework.core.io.support.PathMatchingResourcePatternResolver - Looking for matching resources in directory tree [/Users/Epoes/Documents/Usi-6th semester/Bachelor Project/Earthquakes-Analytics-and-Prediction/target/test-classes/com/usi/API]
11:59:48.014 [main] DEBUG org.springframework.core.io.support.PathMatchingResourcePatternResolver - Searching directory [/Users/Epoes/Documents/Usi-6th semester/Bachelor Project/Earthquakes-Analytics-and-Prediction/target/test-classes/com/usi/API] for files matching pattern [/Users/Epoes/Documents/Usi-6th semester/Bachelor Project/Earthquakes-Analytics-and-Prediction/target/test-classes/com/usi/API/*.class]
11:59:48.016 [main] DEBUG org.springframework.core.io.support.PathMatchingResourcePatternResolver - Looking for matching resources in directory tree [/Users/Epoes/Documents/Usi-6th semester/Bachelor Project/Earthquakes-Analytics-and-Prediction/target/classes/com/usi/API]
11:59:48.016 [main] DEBUG org.springframework.core.io.support.PathMatchingResourcePatternResolver - Searching directory [/Users/Epoes/Documents/Usi-6th semester/Bachelor Project/Earthquakes-Analytics-and-Prediction/target/classes/com/usi/API] for files matching pattern [/Users/Epoes/Documents/Usi-6th semester/Bachelor Project/Earthquakes-Analytics-and-Prediction/target/classes/com/usi/API/*.class]
11:59:48.016 [main] DEBUG org.springframework.core.io.support.PathMatchingResourcePatternResolver - Resolved location pattern [classpath*:com/usi/API/*.class] to resources [file [/Users/Epoes/Documents/Usi-6th semester/Bachelor Project/Earthquakes-Analytics-and-Prediction/target/test-classes/com/usi/API/EarthquakeHubTest.class], file [/Users/Epoes/Documents/Usi-6th semester/Bachelor Project/Earthquakes-Analytics-and-Prediction/target/classes/com/usi/API/HelloController.class]]
11:59:48.017 [main] DEBUG org.springframework.core.io.support.PathMatchingResourcePatternResolver - Resolved classpath location [com/usi/] to resources [URL [file:/Users/Epoes/Documents/Usi-6th%20semester/Bachelor%20Project/Earthquakes-Analytics-and-Prediction/target/test-classes/com/usi/], URL [file:/Users/Epoes/Documents/Usi-6th%20semester/Bachelor%20Project/Earthquakes-Analytics-and-Prediction/target/classes/com/usi/]]
11:59:48.018 [main] DEBUG org.springframework.core.io.support.PathMatchingResourcePatternResolver - Looking for matching resources in directory tree [/Users/Epoes/Documents/Usi-6th semester/Bachelor Project/Earthquakes-Analytics-and-Prediction/target/test-classes/com/usi]
11:59:48.018 [main] DEBUG org.springframework.core.io.support.PathMatchingResourcePatternResolver - Searching directory [/Users/Epoes/Documents/Usi-6th semester/Bachelor Project/Earthquakes-Analytics-and-Prediction/target/test-classes/com/usi] for files matching pattern [/Users/Epoes/Documents/Usi-6th semester/Bachelor Project/Earthquakes-Analytics-and-Prediction/target/test-classes/com/usi/*.class]
11:59:48.018 [main] DEBUG org.springframework.core.io.support.PathMatchingResourcePatternResolver - Looking for matching resources in directory tree [/Users/Epoes/Documents/Usi-6th semester/Bachelor Project/Earthquakes-Analytics-and-Prediction/target/classes/com/usi]
11:59:48.018 [main] DEBUG org.springframework.core.io.support.PathMatchingResourcePatternResolver - Searching directory [/Users/Epoes/Documents/Usi-6th semester/Bachelor Project/Earthquakes-Analytics-and-Prediction/target/classes/com/usi] for files matching pattern [/Users/Epoes/Documents/Usi-6th semester/Bachelor Project/Earthquakes-Analytics-and-Prediction/target/classes/com/usi/*.class]
11:59:48.020 [main] DEBUG org.springframework.core.io.support.PathMatchingResourcePatternResolver - Resolved location pattern [classpath*:com/usi/*.class] to resources [file [/Users/Epoes/Documents/Usi-6th semester/Bachelor Project/Earthquakes-Analytics-and-Prediction/target/test-classes/com/usi/BaseIntegration.class], file [/Users/Epoes/Documents/Usi-6th semester/Bachelor Project/Earthquakes-Analytics-and-Prediction/target/classes/com/usi/EarthquakeHub$1.class], file [/Users/Epoes/Documents/Usi-6th semester/Bachelor Project/Earthquakes-Analytics-and-Prediction/target/classes/com/usi/EarthquakeHub$2.class], file [/Users/Epoes/Documents/Usi-6th semester/Bachelor Project/Earthquakes-Analytics-and-Prediction/target/classes/com/usi/EarthquakeHub.class], file [/Users/Epoes/Documents/Usi-6th semester/Bachelor Project/Earthquakes-Analytics-and-Prediction/target/classes/com/usi/EarthquakesController.class], file [/Users/Epoes/Documents/Usi-6th semester/Bachelor Project/Earthquakes-Analytics-and-Prediction/target/classes/com/usi/Home.class], file [/Users/Epoes/Documents/Usi-6th semester/Bachelor Project/Earthquakes-Analytics-and-Prediction/target/classes/com/usi/VisualEarthquakesApplication.class]]
11:59:48.024 [main] DEBUG org.springframework.context.annotation.ClassPathScanningCandidateComponentProvider - Identified candidate component class: file [/Users/Epoes/Documents/Usi-6th semester/Bachelor Project/Earthquakes-Analytics-and-Prediction/target/classes/com/usi/VisualEarthquakesApplication.class]
11:59:48.025 [main] INFO org.springframework.boot.test.context.SpringBootTestContextBootstrapper - Found @SpringBootConfiguration com.usi.VisualEarthquakesApplication for test class com.usi.API.EarthquakeHubTest
11:59:48.026 [main] DEBUG org.springframework.boot.test.context.SpringBootTestContextBootstrapper - @TestExecutionListeners is not present for class [com.usi.API.EarthquakeHubTest]: using defaults.
11:59:48.029 [main] INFO org.springframework.boot.test.context.SpringBootTestContextBootstrapper - Loaded default TestExecutionListener class names from location [META-INF/spring.factories]: [org.springframework.boot.test.mock.mockito.MockitoTestExecutionListener, org.springframework.boot.test.mock.mockito.ResetMocksTestExecutionListener, org.springframework.boot.test.autoconfigure.restdocs.RestDocsTestExecutionListener, org.springframework.boot.test.autoconfigure.web.client.MockRestServiceServerResetTestExecutionListener, org.springframework.boot.test.autoconfigure.web.servlet.MockMvcPrintOnlyOnFailureTestExecutionListener, org.springframework.boot.test.autoconfigure.web.servlet.WebDriverTestExecutionListener, org.springframework.test.context.web.ServletTestExecutionListener, org.springframework.test.context.support.DirtiesContextBeforeModesTestExecutionListener, org.springframework.test.context.support.DependencyInjectionTestExecutionListener, org.springframework.test.context.support.DirtiesContextTestExecutionListener, org.springframework.test.context.transaction.TransactionalTestExecutionListener, org.springframework.test.context.jdbc.SqlScriptsTestExecutionListener]
11:59:48.033 [main] INFO org.springframework.boot.test.context.SpringBootTestContextBootstrapper - Using TestExecutionListeners: [org.springframework.test.context.web.ServletTestExecutionListener@1e730495, org.springframework.test.context.support.DirtiesContextBeforeModesTestExecutionListener@7d3a22a9, org.springframework.boot.test.autoconfigure.SpringBootDependencyInjectionTestExecutionListener@1d082e88, org.springframework.test.context.support.DirtiesContextTestExecutionListener@60704c, org.springframework.test.context.transaction.TransactionalTestExecutionListener@6b19b79, org.springframework.test.context.jdbc.SqlScriptsTestExecutionListener@2a32de6c, org.springframework.boot.test.mock.mockito.ResetMocksTestExecutionListener@7692d9cc, org.springframework.boot.test.autoconfigure.web.client.MockRestServiceServerResetTestExecutionListener@75f32542, org.springframework.boot.test.mock.mockito.MockitoTestExecutionListener@7f1302d6, org.springframework.boot.test.autoconfigure.restdocs.RestDocsTestExecutionListener@43ee72e6, org.springframework.boot.test.autoconfigure.web.servlet.MockMvcPrintOnlyOnFailureTestExecutionListener@23529fee, org.springframework.boot.test.autoconfigure.web.servlet.WebDriverTestExecutionListener@4fe767f3]
11:59:48.034 [main] DEBUG org.springframework.test.context.junit4.SpringJUnit4ClassRunner - SpringJUnit4ClassRunner constructor called with [class com.usi.API.FeedRSS.earthquakeServiceTest]
11:59:48.035 [main] DEBUG org.springframework.test.context.BootstrapUtils - Instantiating CacheAwareContextLoaderDelegate from class [org.springframework.test.context.cache.DefaultCacheAwareContextLoaderDelegate]
11:59:48.035 [main] DEBUG org.springframework.test.context.BootstrapUtils - Instantiating BootstrapContext using constructor [public org.springframework.test.context.support.DefaultBootstrapContext(java.lang.Class,org.springframework.test.context.CacheAwareContextLoaderDelegate)]
11:59:48.035 [main] DEBUG org.springframework.test.context.BootstrapUtils - Instantiating TestContextBootstrapper for test class [com.usi.API.FeedRSS.earthquakeServiceTest] from class [org.springframework.boot.test.context.SpringBootTestContextBootstrapper]
11:59:48.036 [main] INFO org.springframework.boot.test.context.SpringBootTestContextBootstrapper - Neither @ContextConfiguration nor @ContextHierarchy found for test class [com.usi.API.FeedRSS.earthquakeServiceTest], using SpringBootContextLoader
11:59:48.036 [main] DEBUG org.springframework.test.context.support.AbstractContextLoader - Did not detect default resource location for test class [com.usi.API.FeedRSS.earthquakeServiceTest]: class path resource [com/usi/API/FeedRSS/earthquakeServiceTest-context.xml] does not exist
11:59:48.037 [main] DEBUG org.springframework.test.context.support.AbstractContextLoader - Did not detect default resource location for test class [com.usi.API.FeedRSS.earthquakeServiceTest]: class path resource [com/usi/API/FeedRSS/earthquakeServiceTestContext.groovy] does not exist
11:59:48.037 [main] INFO org.springframework.test.context.support.AbstractContextLoader - Could not detect default resource locations for test class [com.usi.API.FeedRSS.earthquakeServiceTest]: no resource found for suffixes {-context.xml, Context.groovy}.
11:59:48.037 [main] INFO org.springframework.test.context.support.AnnotationConfigContextLoaderUtils - Could not detect default configuration classes for test class [com.usi.API.FeedRSS.earthquakeServiceTest]: earthquakeServiceTest does not declare any static, non-private, non-final, nested classes annotated with @Configuration.
11:59:48.047 [main] DEBUG org.springframework.test.context.support.ActiveProfilesUtils - Could not find an 'annotation declaring class' for annotation type [org.springframework.test.context.ActiveProfiles] and class [com.usi.API.FeedRSS.earthquakeServiceTest]
11:59:48.047 [main] DEBUG org.springframework.core.env.StandardEnvironment - Adding [systemProperties] PropertySource with lowest search precedence
11:59:48.047 [main] DEBUG org.springframework.core.env.StandardEnvironment - Adding [systemEnvironment] PropertySource with lowest search precedence
11:59:48.047 [main] DEBUG org.springframework.core.env.StandardEnvironment - Initialized StandardEnvironment with PropertySources [systemProperties,systemEnvironment]
11:59:48.047 [main] DEBUG org.springframework.core.io.support.PathMatchingResourcePatternResolver - Resolved classpath location [com/usi/API/FeedRSS/] to resources [URL [file:/Users/Epoes/Documents/Usi-6th%20semester/Bachelor%20Project/Earthquakes-Analytics-and-Prediction/target/test-classes/com/usi/API/FeedRSS/]]
11:59:48.047 [main] DEBUG org.springframework.core.io.support.PathMatchingResourcePatternResolver - Looking for matching resources in directory tree [/Users/Epoes/Documents/Usi-6th semester/Bachelor Project/Earthquakes-Analytics-and-Prediction/target/test-classes/com/usi/API/FeedRSS]
11:59:48.048 [main] DEBUG org.springframework.core.io.support.PathMatchingResourcePatternResolver - Searching directory [/Users/Epoes/Documents/Usi-6th semester/Bachelor Project/Earthquakes-Analytics-and-Prediction/target/test-classes/com/usi/API/FeedRSS] for files matching pattern [/Users/Epoes/Documents/Usi-6th semester/Bachelor Project/Earthquakes-Analytics-and-Prediction/target/test-classes/com/usi/API/FeedRSS/*.class]
11:59:48.048 [main] DEBUG org.springframework.core.io.support.PathMatchingResourcePatternResolver - Resolved location pattern [classpath*:com/usi/API/FeedRSS/*.class] to resources [file [/Users/Epoes/Documents/Usi-6th semester/Bachelor Project/Earthquakes-Analytics-and-Prediction/target/test-classes/com/usi/API/FeedRSS/IngvQueryTest.class], file [/Users/Epoes/Documents/Usi-6th semester/Bachelor Project/Earthquakes-Analytics-and-Prediction/target/test-classes/com/usi/API/FeedRSS/SimpleHttpRequestTest.class], file [/Users/Epoes/Documents/Usi-6th semester/Bachelor Project/Earthquakes-Analytics-and-Prediction/target/test-classes/com/usi/API/FeedRSS/earthquakeServiceTest.class]]
11:59:48.051 [main] DEBUG org.springframework.core.io.support.PathMatchingResourcePatternResolver - Resolved classpath location [com/usi/API/] to resources [URL [file:/Users/Epoes/Documents/Usi-6th%20semester/Bachelor%20Project/Earthquakes-Analytics-and-Prediction/target/test-classes/com/usi/API/], URL [file:/Users/Epoes/Documents/Usi-6th%20semester/Bachelor%20Project/Earthquakes-Analytics-and-Prediction/target/classes/com/usi/API/]]
11:59:48.051 [main] DEBUG org.springframework.core.io.support.PathMatchingResourcePatternResolver - Looking for matching resources in directory tree [/Users/Epoes/Documents/Usi-6th semester/Bachelor Project/Earthquakes-Analytics-and-Prediction/target/test-classes/com/usi/API]
11:59:48.051 [main] DEBUG org.springframework.core.io.support.PathMatchingResourcePatternResolver - Searching directory [/Users/Epoes/Documents/Usi-6th semester/Bachelor Project/Earthquakes-Analytics-and-Prediction/target/test-classes/com/usi/API] for files matching pattern [/Users/Epoes/Documents/Usi-6th semester/Bachelor Project/Earthquakes-Analytics-and-Prediction/target/test-classes/com/usi/API/*.class]
11:59:48.051 [main] DEBUG org.springframework.core.io.support.PathMatchingResourcePatternResolver - Looking for matching resources in directory tree [/Users/Epoes/Documents/Usi-6th semester/Bachelor Project/Earthquakes-Analytics-and-Prediction/target/classes/com/usi/API]
11:59:48.051 [main] DEBUG org.springframework.core.io.support.PathMatchingResourcePatternResolver - Searching directory [/Users/Epoes/Documents/Usi-6th semester/Bachelor Project/Earthquakes-Analytics-and-Prediction/target/classes/com/usi/API] for files matching pattern [/Users/Epoes/Documents/Usi-6th semester/Bachelor Project/Earthquakes-Analytics-and-Prediction/target/classes/com/usi/API/*.class]
11:59:48.052 [main] DEBUG org.springframework.core.io.support.PathMatchingResourcePatternResolver - Resolved location pattern [classpath*:com/usi/API/*.class] to resources [file [/Users/Epoes/Documents/Usi-6th semester/Bachelor Project/Earthquakes-Analytics-and-Prediction/target/test-classes/com/usi/API/EarthquakeHubTest.class], file [/Users/Epoes/Documents/Usi-6th semester/Bachelor Project/Earthquakes-Analytics-and-Prediction/target/classes/com/usi/API/HelloController.class]]
11:59:48.053 [main] DEBUG org.springframework.core.io.support.PathMatchingResourcePatternResolver - Resolved classpath location [com/usi/] to resources [URL [file:/Users/Epoes/Documents/Usi-6th%20semester/Bachelor%20Project/Earthquakes-Analytics-and-Prediction/target/test-classes/com/usi/], URL [file:/Users/Epoes/Documents/Usi-6th%20semester/Bachelor%20Project/Earthquakes-Analytics-and-Prediction/target/classes/com/usi/]]
11:59:48.053 [main] DEBUG org.springframework.core.io.support.PathMatchingResourcePatternResolver - Looking for matching resources in directory tree [/Users/Epoes/Documents/Usi-6th semester/Bachelor Project/Earthquakes-Analytics-and-Prediction/target/test-classes/com/usi]
11:59:48.053 [main] DEBUG org.springframework.core.io.support.PathMatchingResourcePatternResolver - Searching directory [/Users/Epoes/Documents/Usi-6th semester/Bachelor Project/Earthquakes-Analytics-and-Prediction/target/test-classes/com/usi] for files matching pattern [/Users/Epoes/Documents/Usi-6th semester/Bachelor Project/Earthquakes-Analytics-and-Prediction/target/test-classes/com/usi/*.class]
11:59:48.053 [main] DEBUG org.springframework.core.io.support.PathMatchingResourcePatternResolver - Looking for matching resources in directory tree [/Users/Epoes/Documents/Usi-6th semester/Bachelor Project/Earthquakes-Analytics-and-Prediction/target/classes/com/usi]
11:59:48.054 [main] DEBUG org.springframework.core.io.support.PathMatchingResourcePatternResolver - Searching directory [/Users/Epoes/Documents/Usi-6th semester/Bachelor Project/Earthquakes-Analytics-and-Prediction/target/classes/com/usi] for files matching pattern [/Users/Epoes/Documents/Usi-6th semester/Bachelor Project/Earthquakes-Analytics-and-Prediction/target/classes/com/usi/*.class]
11:59:48.055 [main] DEBUG org.springframework.core.io.support.PathMatchingResourcePatternResolver - Resolved location pattern [classpath*:com/usi/*.class] to resources [file [/Users/Epoes/Documents/Usi-6th semester/Bachelor Project/Earthquakes-Analytics-and-Prediction/target/test-classes/com/usi/BaseIntegration.class], file [/Users/Epoes/Documents/Usi-6th semester/Bachelor Project/Earthquakes-Analytics-and-Prediction/target/classes/com/usi/EarthquakeHub$1.class], file [/Users/Epoes/Documents/Usi-6th semester/Bachelor Project/Earthquakes-Analytics-and-Prediction/target/classes/com/usi/EarthquakeHub$2.class], file [/Users/Epoes/Documents/Usi-6th semester/Bachelor Project/Earthquakes-Analytics-and-Prediction/target/classes/com/usi/EarthquakeHub.class], file [/Users/Epoes/Documents/Usi-6th semester/Bachelor Project/Earthquakes-Analytics-and-Prediction/target/classes/com/usi/EarthquakesController.class], file [/Users/Epoes/Documents/Usi-6th semester/Bachelor Project/Earthquakes-Analytics-and-Prediction/target/classes/com/usi/Home.class], file [/Users/Epoes/Documents/Usi-6th semester/Bachelor Project/Earthquakes-Analytics-and-Prediction/target/classes/com/usi/VisualEarthquakesApplication.class]]
11:59:48.059 [main] DEBUG org.springframework.context.annotation.ClassPathScanningCandidateComponentProvider - Identified candidate component class: file [/Users/Epoes/Documents/Usi-6th semester/Bachelor Project/Earthquakes-Analytics-and-Prediction/target/classes/com/usi/VisualEarthquakesApplication.class]
11:59:48.059 [main] INFO org.springframework.boot.test.context.SpringBootTestContextBootstrapper - Found @SpringBootConfiguration com.usi.VisualEarthquakesApplication for test class com.usi.API.FeedRSS.earthquakeServiceTest
11:59:48.060 [main] DEBUG org.springframework.boot.test.context.SpringBootTestContextBootstrapper - @TestExecutionListeners is not present for class [com.usi.API.FeedRSS.earthquakeServiceTest]: using defaults.
11:59:48.063 [main] INFO org.springframework.boot.test.context.SpringBootTestContextBootstrapper - Loaded default TestExecutionListener class names from location [META-INF/spring.factories]: [org.springframework.boot.test.mock.mockito.MockitoTestExecutionListener, org.springframework.boot.test.mock.mockito.ResetMocksTestExecutionListener, org.springframework.boot.test.autoconfigure.restdocs.RestDocsTestExecutionListener, org.springframework.boot.test.autoconfigure.web.client.MockRestServiceServerResetTestExecutionListener, org.springframework.boot.test.autoconfigure.web.servlet.MockMvcPrintOnlyOnFailureTestExecutionListener, org.springframework.boot.test.autoconfigure.web.servlet.WebDriverTestExecutionListener, org.springframework.test.context.web.ServletTestExecutionListener, org.springframework.test.context.support.DirtiesContextBeforeModesTestExecutionListener, org.springframework.test.context.support.DependencyInjectionTestExecutionListener, org.springframework.test.context.support.DirtiesContextTestExecutionListener, org.springframework.test.context.transaction.TransactionalTestExecutionListener, org.springframework.test.context.jdbc.SqlScriptsTestExecutionListener]
11:59:48.067 [main] INFO org.springframework.boot.test.context.SpringBootTestContextBootstrapper - Using TestExecutionListeners: [org.springframework.test.context.web.ServletTestExecutionListener@65466a6a, org.springframework.test.context.support.DirtiesContextBeforeModesTestExecutionListener@4ddced80, org.springframework.boot.test.autoconfigure.SpringBootDependencyInjectionTestExecutionListener@1534f01b, org.springframework.test.context.support.DirtiesContextTestExecutionListener@78e117e3, org.springframework.test.context.transaction.TransactionalTestExecutionListener@2ea227af, org.springframework.test.context.jdbc.SqlScriptsTestExecutionListener@4386f16, org.springframework.boot.test.mock.mockito.ResetMocksTestExecutionListener@363ee3a2, org.springframework.boot.test.autoconfigure.web.client.MockRestServiceServerResetTestExecutionListener@4690b489, org.springframework.boot.test.mock.mockito.MockitoTestExecutionListener@79b06cab, org.springframework.boot.test.autoconfigure.restdocs.RestDocsTestExecutionListener@3eb7fc54, org.springframework.boot.test.autoconfigure.web.servlet.MockMvcPrintOnlyOnFailureTestExecutionListener@7f552bd3, org.springframework.boot.test.autoconfigure.web.servlet.WebDriverTestExecutionListener@3c22fc4c]
11:59:48.069 [main] DEBUG org.springframework.test.context.junit4.SpringJUnit4ClassRunner - SpringJUnit4ClassRunner constructor called with [class com.usi.API.FeedRSS.SimpleHttpRequestTest]
11:59:48.069 [main] DEBUG org.springframework.test.context.BootstrapUtils - Instantiating CacheAwareContextLoaderDelegate from class [org.springframework.test.context.cache.DefaultCacheAwareContextLoaderDelegate]
11:59:48.069 [main] DEBUG org.springframework.test.context.BootstrapUtils - Instantiating BootstrapContext using constructor [public org.springframework.test.context.support.DefaultBootstrapContext(java.lang.Class,org.springframework.test.context.CacheAwareContextLoaderDelegate)]
11:59:48.070 [main] DEBUG org.springframework.test.context.BootstrapUtils - Instantiating TestContextBootstrapper for test class [com.usi.API.FeedRSS.SimpleHttpRequestTest] from class [org.springframework.boot.test.context.SpringBootTestContextBootstrapper]
11:59:48.070 [main] INFO org.springframework.boot.test.context.SpringBootTestContextBootstrapper - Neither @ContextConfiguration nor @ContextHierarchy found for test class [com.usi.API.FeedRSS.SimpleHttpRequestTest], using SpringBootContextLoader
11:59:48.071 [main] DEBUG org.springframework.test.context.support.AbstractContextLoader - Did not detect default resource location for test class [com.usi.API.FeedRSS.SimpleHttpRequestTest]: class path resource [com/usi/API/FeedRSS/SimpleHttpRequestTest-context.xml] does not exist
11:59:48.071 [main] DEBUG org.springframework.test.context.support.AbstractContextLoader - Did not detect default resource location for test class [com.usi.API.FeedRSS.SimpleHttpRequestTest]: class path resource [com/usi/API/FeedRSS/SimpleHttpRequestTestContext.groovy] does not exist
11:59:48.071 [main] INFO org.springframework.test.context.support.AbstractContextLoader - Could not detect default resource locations for test class [com.usi.API.FeedRSS.SimpleHttpRequestTest]: no resource found for suffixes {-context.xml, Context.groovy}.
11:59:48.071 [main] INFO org.springframework.test.context.support.AnnotationConfigContextLoaderUtils - Could not detect default configuration classes for test class [com.usi.API.FeedRSS.SimpleHttpRequestTest]: SimpleHttpRequestTest does not declare any static, non-private, non-final, nested classes annotated with @Configuration.
11:59:48.079 [main] DEBUG org.springframework.test.context.support.ActiveProfilesUtils - Could not find an 'annotation declaring class' for annotation type [org.springframework.test.context.ActiveProfiles] and class [com.usi.API.FeedRSS.SimpleHttpRequestTest]
11:59:48.079 [main] DEBUG org.springframework.core.env.StandardEnvironment - Adding [systemProperties] PropertySource with lowest search precedence
11:59:48.079 [main] DEBUG org.springframework.core.env.StandardEnvironment - Adding [systemEnvironment] PropertySource with lowest search precedence
11:59:48.080 [main] DEBUG org.springframework.core.env.StandardEnvironment - Initialized StandardEnvironment with PropertySources [systemProperties,systemEnvironment]
11:59:48.080 [main] INFO org.springframework.boot.test.context.SpringBootTestContextBootstrapper - Found @SpringBootConfiguration com.usi.VisualEarthquakesApplication for test class com.usi.API.FeedRSS.SimpleHttpRequestTest
11:59:48.081 [main] DEBUG org.springframework.boot.test.context.SpringBootTestContextBootstrapper - @TestExecutionListeners is not present for class [com.usi.API.FeedRSS.SimpleHttpRequestTest]: using defaults.
11:59:48.084 [main] INFO org.springframework.boot.test.context.SpringBootTestContextBootstrapper - Loaded default TestExecutionListener class names from location [META-INF/spring.factories]: [org.springframework.boot.test.mock.mockito.MockitoTestExecutionListener, org.springframework.boot.test.mock.mockito.ResetMocksTestExecutionListener, org.springframework.boot.test.autoconfigure.restdocs.RestDocsTestExecutionListener, org.springframework.boot.test.autoconfigure.web.client.MockRestServiceServerResetTestExecutionListener, org.springframework.boot.test.autoconfigure.web.servlet.MockMvcPrintOnlyOnFailureTestExecutionListener, org.springframework.boot.test.autoconfigure.web.servlet.WebDriverTestExecutionListener, org.springframework.test.context.web.ServletTestExecutionListener, org.springframework.test.context.support.DirtiesContextBeforeModesTestExecutionListener, org.springframework.test.context.support.DependencyInjectionTestExecutionListener, org.springframework.test.context.support.DirtiesContextTestExecutionListener, org.springframework.test.context.transaction.TransactionalTestExecutionListener, org.springframework.test.context.jdbc.SqlScriptsTestExecutionListener]
11:59:48.086 [main] INFO org.springframework.boot.test.context.SpringBootTestContextBootstrapper - Using TestExecutionListeners: [org.springframework.test.context.web.ServletTestExecutionListener@15eb5ee5, org.springframework.test.context.support.DirtiesContextBeforeModesTestExecutionListener@2145b572, org.springframework.boot.test.autoconfigure.SpringBootDependencyInjectionTestExecutionListener@39529185, org.springframework.test.context.support.DirtiesContextTestExecutionListener@72f926e6, org.springframework.test.context.transaction.TransactionalTestExecutionListener@3daa422a, org.springframework.test.context.jdbc.SqlScriptsTestExecutionListener@31c88ec8, org.springframework.boot.test.mock.mockito.ResetMocksTestExecutionListener@1cbbffcd, org.springframework.boot.test.autoconfigure.web.client.MockRestServiceServerResetTestExecutionListener@27ce24aa, org.springframework.boot.test.mock.mockito.MockitoTestExecutionListener@481a996b, org.springframework.boot.test.autoconfigure.restdocs.RestDocsTestExecutionListener@3d51f06e, org.springframework.boot.test.autoconfigure.web.servlet.MockMvcPrintOnlyOnFailureTestExecutionListener@7ed7259e, org.springframework.boot.test.autoconfigure.web.servlet.WebDriverTestExecutionListener@28eaa59a]
11:59:48.087 [main] DEBUG org.springframework.test.context.junit4.SpringJUnit4ClassRunner - SpringJUnit4ClassRunner constructor called with [class com.usi.API.google_maps.MapsServicesImplTest]
11:59:48.087 [main] DEBUG org.springframework.test.context.BootstrapUtils - Instantiating CacheAwareContextLoaderDelegate from class [org.springframework.test.context.cache.DefaultCacheAwareContextLoaderDelegate]
11:59:48.088 [main] DEBUG org.springframework.test.context.BootstrapUtils - Instantiating BootstrapContext using constructor [public org.springframework.test.context.support.DefaultBootstrapContext(java.lang.Class,org.springframework.test.context.CacheAwareContextLoaderDelegate)]
11:59:48.088 [main] DEBUG org.springframework.test.context.BootstrapUtils - Instantiating TestContextBootstrapper for test class [com.usi.API.google_maps.MapsServicesImplTest] from class [org.springframework.boot.test.context.SpringBootTestContextBootstrapper]
11:59:48.088 [main] INFO org.springframework.boot.test.context.SpringBootTestContextBootstrapper - Neither @ContextConfiguration nor @ContextHierarchy found for test class [com.usi.API.google_maps.MapsServicesImplTest], using SpringBootContextLoader
11:59:48.088 [main] DEBUG org.springframework.test.context.support.AbstractContextLoader - Did not detect default resource location for test class [com.usi.API.google_maps.MapsServicesImplTest]: class path resource [com/usi/API/google_maps/MapsServicesImplTest-context.xml] does not exist
11:59:48.089 [main] DEBUG org.springframework.test.context.support.AbstractContextLoader - Did not detect default resource location for test class [com.usi.API.google_maps.MapsServicesImplTest]: class path resource [com/usi/API/google_maps/MapsServicesImplTestContext.groovy] does not exist
11:59:48.089 [main] INFO org.springframework.test.context.support.AbstractContextLoader - Could not detect default resource locations for test class [com.usi.API.google_maps.MapsServicesImplTest]: no resource found for suffixes {-context.xml, Context.groovy}.
11:59:48.089 [main] INFO org.springframework.test.context.support.AnnotationConfigContextLoaderUtils - Could not detect default configuration classes for test class [com.usi.API.google_maps.MapsServicesImplTest]: MapsServicesImplTest does not declare any static, non-private, non-final, nested classes annotated with @Configuration.
11:59:48.095 [main] DEBUG org.springframework.test.context.support.ActiveProfilesUtils - Could not find an 'annotation declaring class' for annotation type [org.springframework.test.context.ActiveProfiles] and class [com.usi.API.google_maps.MapsServicesImplTest]
11:59:48.096 [main] DEBUG org.springframework.core.env.StandardEnvironment - Adding [systemProperties] PropertySource with lowest search precedence
11:59:48.096 [main] DEBUG org.springframework.core.env.StandardEnvironment - Adding [systemEnvironment] PropertySource with lowest search precedence
11:59:48.096 [main] DEBUG org.springframework.core.env.StandardEnvironment - Initialized StandardEnvironment with PropertySources [systemProperties,systemEnvironment]
11:59:48.096 [main] DEBUG org.springframework.core.io.support.PathMatchingResourcePatternResolver - Resolved classpath location [com/usi/API/google_maps/] to resources [URL [file:/Users/Epoes/Documents/Usi-6th%20semester/Bachelor%20Project/Earthquakes-Analytics-and-Prediction/target/test-classes/com/usi/API/google_maps/], URL [file:/Users/Epoes/Documents/Usi-6th%20semester/Bachelor%20Project/Earthquakes-Analytics-and-Prediction/target/classes/com/usi/API/google_maps/]]
11:59:48.096 [main] DEBUG org.springframework.core.io.support.PathMatchingResourcePatternResolver - Looking for matching resources in directory tree [/Users/Epoes/Documents/Usi-6th semester/Bachelor Project/Earthquakes-Analytics-and-Prediction/target/test-classes/com/usi/API/google_maps]
11:59:48.097 [main] DEBUG org.springframework.core.io.support.PathMatchingResourcePatternResolver - Searching directory [/Users/Epoes/Documents/Usi-6th semester/Bachelor Project/Earthquakes-Analytics-and-Prediction/target/test-classes/com/usi/API/google_maps] for files matching pattern [/Users/Epoes/Documents/Usi-6th semester/Bachelor Project/Earthquakes-Analytics-and-Prediction/target/test-classes/com/usi/API/google_maps/*.class]
11:59:48.097 [main] DEBUG org.springframework.core.io.support.PathMatchingResourcePatternResolver - Looking for matching resources in directory tree [/Users/Epoes/Documents/Usi-6th semester/Bachelor Project/Earthquakes-Analytics-and-Prediction/target/classes/com/usi/API/google_maps]
11:59:48.097 [main] DEBUG org.springframework.core.io.support.PathMatchingResourcePatternResolver - Searching directory [/Users/Epoes/Documents/Usi-6th semester/Bachelor Project/Earthquakes-Analytics-and-Prediction/target/classes/com/usi/API/google_maps] for files matching pattern [/Users/Epoes/Documents/Usi-6th semester/Bachelor Project/Earthquakes-Analytics-and-Prediction/target/classes/com/usi/API/google_maps/*.class]
11:59:48.098 [main] DEBUG org.springframework.core.io.support.PathMatchingResourcePatternResolver - Resolved location pattern [classpath*:com/usi/API/google_maps/*.class] to resources [file [/Users/Epoes/Documents/Usi-6th semester/Bachelor Project/Earthquakes-Analytics-and-Prediction/target/test-classes/com/usi/API/google_maps/MapsServicesImplTest.class], file [/Users/Epoes/Documents/Usi-6th semester/Bachelor Project/Earthquakes-Analytics-and-Prediction/target/classes/com/usi/API/google_maps/ElevationMatrix.class], file [/Users/Epoes/Documents/Usi-6th semester/Bachelor Project/Earthquakes-Analytics-and-Prediction/target/classes/com/usi/API/google_maps/MapsServices.class], file [/Users/Epoes/Documents/Usi-6th semester/Bachelor Project/Earthquakes-Analytics-and-Prediction/target/classes/com/usi/API/google_maps/MapsServicesImpl.class], file [/Users/Epoes/Documents/Usi-6th semester/Bachelor Project/Earthquakes-Analytics-and-Prediction/target/classes/com/usi/API/google_maps/Parser.class]]
11:59:48.101 [main] DEBUG org.springframework.core.io.support.PathMatchingResourcePatternResolver - Resolved classpath location [com/usi/API/] to resources [URL [file:/Users/Epoes/Documents/Usi-6th%20semester/Bachelor%20Project/Earthquakes-Analytics-and-Prediction/target/test-classes/com/usi/API/], URL [file:/Users/Epoes/Documents/Usi-6th%20semester/Bachelor%20Project/Earthquakes-Analytics-and-Prediction/target/classes/com/usi/API/]]
11:59:48.101 [main] DEBUG org.springframework.core.io.support.PathMatchingResourcePatternResolver - Looking for matching resources in directory tree [/Users/Epoes/Documents/Usi-6th semester/Bachelor Project/Earthquakes-Analytics-and-Prediction/target/test-classes/com/usi/API]
11:59:48.102 [main] DEBUG org.springframework.core.io.support.PathMatchingResourcePatternResolver - Searching directory [/Users/Epoes/Documents/Usi-6th semester/Bachelor Project/Earthquakes-Analytics-and-Prediction/target/test-classes/com/usi/API] for files matching pattern [/Users/Epoes/Documents/Usi-6th semester/Bachelor Project/Earthquakes-Analytics-and-Prediction/target/test-classes/com/usi/API/*.class]
11:59:48.102 [main] DEBUG org.springframework.core.io.support.PathMatchingResourcePatternResolver - Looking for matching resources in directory tree [/Users/Epoes/Documents/Usi-6th semester/Bachelor Project/Earthquakes-Analytics-and-Prediction/target/classes/com/usi/API]
11:59:48.102 [main] DEBUG org.springframework.core.io.support.PathMatchingResourcePatternResolver - Searching directory [/Users/Epoes/Documents/Usi-6th semester/Bachelor Project/Earthquakes-Analytics-and-Prediction/target/classes/com/usi/API] for files matching pattern [/Users/Epoes/Documents/Usi-6th semester/Bachelor Project/Earthquakes-Analytics-and-Prediction/target/classes/com/usi/API/*.class]
11:59:48.103 [main] DEBUG org.springframework.core.io.support.PathMatchingResourcePatternResolver - Resolved location pattern [classpath*:com/usi/API/*.class] to resources [file [/Users/Epoes/Documents/Usi-6th semester/Bachelor Project/Earthquakes-Analytics-and-Prediction/target/test-classes/com/usi/API/EarthquakeHubTest.class], file [/Users/Epoes/Documents/Usi-6th semester/Bachelor Project/Earthquakes-Analytics-and-Prediction/target/classes/com/usi/API/HelloController.class]]
11:59:48.104 [main] DEBUG org.springframework.core.io.support.PathMatchingResourcePatternResolver - Resolved classpath location [com/usi/] to resources [URL [file:/Users/Epoes/Documents/Usi-6th%20semester/Bachelor%20Project/Earthquakes-Analytics-and-Prediction/target/test-classes/com/usi/], URL [file:/Users/Epoes/Documents/Usi-6th%20semester/Bachelor%20Project/Earthquakes-Analytics-and-Prediction/target/classes/com/usi/]]
11:59:48.104 [main] DEBUG org.springframework.core.io.support.PathMatchingResourcePatternResolver - Looking for matching resources in directory tree [/Users/Epoes/Documents/Usi-6th semester/Bachelor Project/Earthquakes-Analytics-and-Prediction/target/test-classes/com/usi]
11:59:48.104 [main] DEBUG org.springframework.core.io.support.PathMatchingResourcePatternResolver - Searching directory [/Users/Epoes/Documents/Usi-6th semester/Bachelor Project/Earthquakes-Analytics-and-Prediction/target/test-classes/com/usi] for files matching pattern [/Users/Epoes/Documents/Usi-6th semester/Bachelor Project/Earthquakes-Analytics-and-Prediction/target/test-classes/com/usi/*.class]
11:59:48.104 [main] DEBUG org.springframework.core.io.support.PathMatchingResourcePatternResolver - Looking for matching resources in directory tree [/Users/Epoes/Documents/Usi-6th semester/Bachelor Project/Earthquakes-Analytics-and-Prediction/target/classes/com/usi]
11:59:48.104 [main] DEBUG org.springframework.core.io.support.PathMatchingResourcePatternResolver - Searching directory [/Users/Epoes/Documents/Usi-6th semester/Bachelor Project/Earthquakes-Analytics-and-Prediction/target/classes/com/usi] for files matching pattern [/Users/Epoes/Documents/Usi-6th semester/Bachelor Project/Earthquakes-Analytics-and-Prediction/target/classes/com/usi/*.class]
11:59:48.105 [main] DEBUG org.springframework.core.io.support.PathMatchingResourcePatternResolver - Resolved location pattern [classpath*:com/usi/*.class] to resources [file [/Users/Epoes/Documents/Usi-6th semester/Bachelor Project/Earthquakes-Analytics-and-Prediction/target/test-classes/com/usi/BaseIntegration.class], file [/Users/Epoes/Documents/Usi-6th semester/Bachelor Project/Earthquakes-Analytics-and-Prediction/target/classes/com/usi/EarthquakeHub$1.class], file [/Users/Epoes/Documents/Usi-6th semester/Bachelor Project/Earthquakes-Analytics-and-Prediction/target/classes/com/usi/EarthquakeHub$2.class], file [/Users/Epoes/Documents/Usi-6th semester/Bachelor Project/Earthquakes-Analytics-and-Prediction/target/classes/com/usi/EarthquakeHub.class], file [/Users/Epoes/Documents/Usi-6th semester/Bachelor Project/Earthquakes-Analytics-and-Prediction/target/classes/com/usi/EarthquakesController.class], file [/Users/Epoes/Documents/Usi-6th semester/Bachelor Project/Earthquakes-Analytics-and-Prediction/target/classes/com/usi/Home.class], file [/Users/Epoes/Documents/Usi-6th semester/Bachelor Project/Earthquakes-Analytics-and-Prediction/target/classes/com/usi/VisualEarthquakesApplication.class]]
11:59:48.109 [main] DEBUG org.springframework.context.annotation.ClassPathScanningCandidateComponentProvider - Identified candidate component class: file [/Users/Epoes/Documents/Usi-6th semester/Bachelor Project/Earthquakes-Analytics-and-Prediction/target/classes/com/usi/VisualEarthquakesApplication.class]
11:59:48.109 [main] INFO org.springframework.boot.test.context.SpringBootTestContextBootstrapper - Found @SpringBootConfiguration com.usi.VisualEarthquakesApplication for test class com.usi.API.google_maps.MapsServicesImplTest
11:59:48.110 [main] DEBUG org.springframework.boot.test.context.SpringBootTestContextBootstrapper - @TestExecutionListeners is not present for class [com.usi.API.google_maps.MapsServicesImplTest]: using defaults.
11:59:48.112 [main] INFO org.springframework.boot.test.context.SpringBootTestContextBootstrapper - Loaded default TestExecutionListener class names from location [META-INF/spring.factories]: [org.springframework.boot.test.mock.mockito.MockitoTestExecutionListener, org.springframework.boot.test.mock.mockito.ResetMocksTestExecutionListener, org.springframework.boot.test.autoconfigure.restdocs.RestDocsTestExecutionListener, org.springframework.boot.test.autoconfigure.web.client.MockRestServiceServerResetTestExecutionListener, org.springframework.boot.test.autoconfigure.web.servlet.MockMvcPrintOnlyOnFailureTestExecutionListener, org.springframework.boot.test.autoconfigure.web.servlet.WebDriverTestExecutionListener, org.springframework.test.context.web.ServletTestExecutionListener, org.springframework.test.context.support.DirtiesContextBeforeModesTestExecutionListener, org.springframework.test.context.support.DependencyInjectionTestExecutionListener, org.springframework.test.context.support.DirtiesContextTestExecutionListener, org.springframework.test.context.transaction.TransactionalTestExecutionListener, org.springframework.test.context.jdbc.SqlScriptsTestExecutionListener]
11:59:48.114 [main] INFO org.springframework.boot.test.context.SpringBootTestContextBootstrapper - Using TestExecutionListeners: [org.springframework.test.context.web.ServletTestExecutionListener@dd8ba08, org.springframework.test.context.support.DirtiesContextBeforeModesTestExecutionListener@245b4bdc, org.springframework.boot.test.autoconfigure.SpringBootDependencyInjectionTestExecutionListener@6c64cb25, org.springframework.test.context.support.DirtiesContextTestExecutionListener@6ae5aa72, org.springframework.test.context.transaction.TransactionalTestExecutionListener@222545dc, org.springframework.test.context.jdbc.SqlScriptsTestExecutionListener@5c5eefef, org.springframework.boot.test.mock.mockito.ResetMocksTestExecutionListener@16293aa2, org.springframework.boot.test.autoconfigure.web.client.MockRestServiceServerResetTestExecutionListener@5158b42f, org.springframework.boot.test.mock.mockito.MockitoTestExecutionListener@595b007d, org.springframework.boot.test.autoconfigure.restdocs.RestDocsTestExecutionListener@72d1ad2e, org.springframework.boot.test.autoconfigure.web.servlet.MockMvcPrintOnlyOnFailureTestExecutionListener@2d7275fc, org.springframework.boot.test.autoconfigure.web.servlet.WebDriverTestExecutionListener@399f45b1]
11:59:48.116 [main] DEBUG org.springframework.test.annotation.ProfileValueUtils - Retrieved @ProfileValueSourceConfiguration [null] for test class [com.usi.API.controllers.ControllerTest]
11:59:48.117 [main] DEBUG org.springframework.test.annotation.ProfileValueUtils - Retrieved ProfileValueSource type [class org.springframework.test.annotation.SystemProfileValueSource] for class [com.usi.API.controllers.ControllerTest]
11:59:48.117 [main] DEBUG org.springframework.test.annotation.ProfileValueUtils - Retrieved @ProfileValueSourceConfiguration [null] for test class [com.usi.API.EarthquakeHubTest]
11:59:48.118 [main] DEBUG org.springframework.test.annotation.ProfileValueUtils - Retrieved ProfileValueSource type [class org.springframework.test.annotation.SystemProfileValueSource] for class [com.usi.API.EarthquakeHubTest]
11:59:48.118 [main] DEBUG org.springframework.test.annotation.ProfileValueUtils - Retrieved @ProfileValueSourceConfiguration [null] for test class [com.usi.API.FeedRSS.earthquakeServiceTest]
11:59:48.119 [main] DEBUG org.springframework.test.annotation.ProfileValueUtils - Retrieved ProfileValueSource type [class org.springframework.test.annotation.SystemProfileValueSource] for class [com.usi.API.FeedRSS.earthquakeServiceTest]
11:59:48.119 [main] DEBUG org.springframework.test.annotation.ProfileValueUtils - Retrieved @ProfileValueSourceConfiguration [null] for test class [com.usi.API.FeedRSS.SimpleHttpRequestTest]
11:59:48.120 [main] DEBUG org.springframework.test.annotation.ProfileValueUtils - Retrieved ProfileValueSource type [class org.springframework.test.annotation.SystemProfileValueSource] for class [com.usi.API.FeedRSS.SimpleHttpRequestTest]
11:59:48.120 [main] DEBUG org.springframework.test.annotation.ProfileValueUtils - Retrieved @ProfileValueSourceConfiguration [null] for test class [com.usi.API.google_maps.MapsServicesImplTest]
11:59:48.120 [main] DEBUG org.springframework.test.annotation.ProfileValueUtils - Retrieved ProfileValueSource type [class org.springframework.test.annotation.SystemProfileValueSource] for class [com.usi.API.google_maps.MapsServicesImplTest]
11:59:48.122 [main] DEBUG org.springframework.test.context.junit4.SpringJUnit4ClassRunner - SpringJUnit4ClassRunner constructor called with [class com.usi.API.controllers.ControllerTest]
11:59:48.122 [main] DEBUG org.springframework.test.context.BootstrapUtils - Instantiating CacheAwareContextLoaderDelegate from class [org.springframework.test.context.cache.DefaultCacheAwareContextLoaderDelegate]
11:59:48.122 [main] DEBUG org.springframework.test.context.BootstrapUtils - Instantiating BootstrapContext using constructor [public org.springframework.test.context.support.DefaultBootstrapContext(java.lang.Class,org.springframework.test.context.CacheAwareContextLoaderDelegate)]
11:59:48.123 [main] DEBUG org.springframework.test.context.BootstrapUtils - Instantiating TestContextBootstrapper for test class [com.usi.API.controllers.ControllerTest] from class [org.springframework.boot.test.context.SpringBootTestContextBootstrapper]
11:59:48.124 [main] INFO org.springframework.boot.test.context.SpringBootTestContextBootstrapper - Neither @ContextConfiguration nor @ContextHierarchy found for test class [com.usi.API.controllers.ControllerTest], using SpringBootContextLoader
11:59:48.125 [main] DEBUG org.springframework.test.context.support.AbstractContextLoader - Did not detect default resource location for test class [com.usi.API.controllers.ControllerTest]: class path resource [com/usi/API/controllers/ControllerTest-context.xml] does not exist
11:59:48.125 [main] DEBUG org.springframework.test.context.support.AbstractContextLoader - Did not detect default resource location for test class [com.usi.API.controllers.ControllerTest]: class path resource [com/usi/API/controllers/ControllerTestContext.groovy] does not exist
11:59:48.125 [main] INFO org.springframework.test.context.support.AbstractContextLoader - Could not detect default resource locations for test class [com.usi.API.controllers.ControllerTest]: no resource found for suffixes {-context.xml, Context.groovy}.
11:59:48.125 [main] INFO org.springframework.test.context.support.AnnotationConfigContextLoaderUtils - Could not detect default configuration classes for test class [com.usi.API.controllers.ControllerTest]: ControllerTest does not declare any static, non-private, non-final, nested classes annotated with @Configuration.
11:59:48.135 [main] DEBUG org.springframework.test.context.support.ActiveProfilesUtils - Could not find an 'annotation declaring class' for annotation type [org.springframework.test.context.ActiveProfiles] and class [com.usi.API.controllers.ControllerTest]
11:59:48.135 [main] DEBUG org.springframework.core.env.StandardEnvironment - Adding [systemProperties] PropertySource with lowest search precedence
11:59:48.135 [main] DEBUG org.springframework.core.env.StandardEnvironment - Adding [systemEnvironment] PropertySource with lowest search precedence
11:59:48.135 [main] DEBUG org.springframework.core.env.StandardEnvironment - Initialized StandardEnvironment with PropertySources [systemProperties,systemEnvironment]
11:59:48.136 [main] INFO org.springframework.boot.test.context.SpringBootTestContextBootstrapper - Found @SpringBootConfiguration com.usi.VisualEarthquakesApplication for test class com.usi.API.controllers.ControllerTest
11:59:48.136 [main] DEBUG org.springframework.boot.test.context.SpringBootTestContextBootstrapper - @TestExecutionListeners is not present for class [com.usi.API.controllers.ControllerTest]: using defaults.
11:59:48.138 [main] INFO org.springframework.boot.test.context.SpringBootTestContextBootstrapper - Loaded default TestExecutionListener class names from location [META-INF/spring.factories]: [org.springframework.boot.test.mock.mockito.MockitoTestExecutionListener, org.springframework.boot.test.mock.mockito.ResetMocksTestExecutionListener, org.springframework.boot.test.autoconfigure.restdocs.RestDocsTestExecutionListener, org.springframework.boot.test.autoconfigure.web.client.MockRestServiceServerResetTestExecutionListener, org.springframework.boot.test.autoconfigure.web.servlet.MockMvcPrintOnlyOnFailureTestExecutionListener, org.springframework.boot.test.autoconfigure.web.servlet.WebDriverTestExecutionListener, org.springframework.test.context.web.ServletTestExecutionListener, org.springframework.test.context.support.DirtiesContextBeforeModesTestExecutionListener, org.springframework.test.context.support.DependencyInjectionTestExecutionListener, org.springframework.test.context.support.DirtiesContextTestExecutionListener, org.springframework.test.context.transaction.TransactionalTestExecutionListener, org.springframework.test.context.jdbc.SqlScriptsTestExecutionListener]
11:59:48.140 [main] INFO org.springframework.boot.test.context.SpringBootTestContextBootstrapper - Using TestExecutionListeners: [org.springframework.test.context.web.ServletTestExecutionListener@397fbdb, org.springframework.test.context.support.DirtiesContextBeforeModesTestExecutionListener@33d512c1, org.springframework.boot.test.autoconfigure.SpringBootDependencyInjectionTestExecutionListener@515c6049, org.springframework.test.context.support.DirtiesContextTestExecutionListener@639c2c1d, org.springframework.test.context.transaction.TransactionalTestExecutionListener@5fe94a96, org.springframework.test.context.jdbc.SqlScriptsTestExecutionListener@443118b0, org.springframework.boot.test.mock.mockito.ResetMocksTestExecutionListener@765d7657, org.springframework.boot.test.autoconfigure.web.client.MockRestServiceServerResetTestExecutionListener@74235045, org.springframework.boot.test.mock.mockito.MockitoTestExecutionListener@618b19ad, org.springframework.boot.test.autoconfigure.restdocs.RestDocsTestExecutionListener@2d3379b4, org.springframework.boot.test.autoconfigure.web.servlet.MockMvcPrintOnlyOnFailureTestExecutionListener@30c15d8b, org.springframework.boot.test.autoconfigure.web.servlet.WebDriverTestExecutionListener@5e0e82ae]
11:59:48.140 [main] DEBUG org.springframework.test.annotation.ProfileValueUtils - Retrieved @ProfileValueSourceConfiguration [null] for test class [com.usi.API.controllers.ControllerTest]
11:59:48.140 [main] DEBUG org.springframework.test.annotation.ProfileValueUtils - Retrieved ProfileValueSource type [class org.springframework.test.annotation.SystemProfileValueSource] for class [com.usi.API.controllers.ControllerTest]
11:59:48.141 [main] DEBUG org.springframework.test.annotation.ProfileValueUtils - Retrieved @ProfileValueSourceConfiguration [null] for test class [com.usi.API.controllers.ControllerTest]
11:59:48.141 [main] DEBUG org.springframework.test.annotation.ProfileValueUtils - Retrieved ProfileValueSource type [class org.springframework.test.annotation.SystemProfileValueSource] for class [com.usi.API.controllers.ControllerTest]
]]></system-out>
  </testcase>
</testsuite>